<?xml version="1.0" encoding="UTF-8"?>
<testng-results skipped="0" failed="0" ignored="0" total="1" passed="1">
  <reporter-output>
  </reporter-output>
  <suite name="Default suite" duration-ms="67" started-at="2022-09-30T10:10:41Z" finished-at="2022-09-30T10:10:41Z">
    <groups>
    </groups>
    <test name="Default test" duration-ms="67" started-at="2022-09-30T10:10:41Z" finished-at="2022-09-30T10:10:41Z">
      <class name="jenkins.SampleJenkins">
        <test-method status="PASS" signature="jnk()[pri:0, instance:jenkins.SampleJenkins@3bfdc050]" name="jnk" duration-ms="19" started-at="2022-09-30T15:40:41Z" finished-at="2022-09-30T15:40:41Z">
          <reporter-output>
          </reporter-output>
        </test-method> <!-- jnk -->
      </class> <!-- jenkins.SampleJenkins -->
    </test> <!-- Default test -->
  </suite> <!-- Default suite -->
</testng-results>
